{"C:\\Users\\Mañanas\\curso MERN\\vite\\demo-back\\pruebas\\prueba1.js": {"path":"C:\\Users\\Mañanas\\curso MERN\\vite\\demo-back\\pruebas\\prueba1.js","all":true,"statementMap":{"0":{"start":{"line":1,"column":0},"end":{"line":1,"column":12}},"1":{"start":{"line":2,"column":0},"end":{"line":2,"column":27}},"2":{"start":{"line":3,"column":0},"end":{"line":3,"column":25}},"3":{"start":{"line":4,"column":0},"end":{"line":4,"column":27}},"4":{"start":{"line":5,"column":0},"end":{"line":5,"column":5}},"5":{"start":{"line":6,"column":0},"end":{"line":6,"column":12}},"6":{"start":{"line":7,"column":0},"end":{"line":7,"column":39}},"7":{"start":{"line":8,"column":0},"end":{"line":8,"column":5}},"8":{"start":{"line":9,"column":0},"end":{"line":9,"column":10}},"9":{"start":{"line":10,"column":0},"end":{"line":10,"column":9}},"10":{"start":{"line":11,"column":0},"end":{"line":11,"column":28}},"11":{"start":{"line":12,"column":0},"end":{"line":12,"column":26}},"12":{"start":{"line":13,"column":0},"end":{"line":13,"column":24}},"13":{"start":{"line":14,"column":0},"end":{"line":14,"column":26}},"14":{"start":{"line":15,"column":0},"end":{"line":15,"column":5}},"15":{"start":{"line":16,"column":0},"end":{"line":16,"column":19}},"16":{"start":{"line":17,"column":0},"end":{"line":17,"column":29}},"17":{"start":{"line":18,"column":0},"end":{"line":18,"column":8}},"18":{"start":{"line":19,"column":0},"end":{"line":19,"column":23}},"19":{"start":{"line":20,"column":0},"end":{"line":20,"column":29}},"20":{"start":{"line":21,"column":0},"end":{"line":21,"column":8}},"21":{"start":{"line":22,"column":0},"end":{"line":22,"column":13}},"22":{"start":{"line":23,"column":0},"end":{"line":23,"column":73}},"23":{"start":{"line":24,"column":0},"end":{"line":24,"column":5}},"24":{"start":{"line":25,"column":0},"end":{"line":25,"column":12}},"25":{"start":{"line":26,"column":0},"end":{"line":26,"column":20}},"26":{"start":{"line":27,"column":0},"end":{"line":27,"column":5}},"27":{"start":{"line":28,"column":0},"end":{"line":28,"column":1}},"28":{"start":{"line":29,"column":0},"end":{"line":29,"column":35}},"29":{"start":{"line":30,"column":0},"end":{"line":30,"column":35}},"30":{"start":{"line":31,"column":0},"end":{"line":31,"column":26}},"31":{"start":{"line":32,"column":0},"end":{"line":32,"column":27}},"32":{"start":{"line":33,"column":0},"end":{"line":33,"column":25}},"33":{"start":{"line":34,"column":0},"end":{"line":34,"column":26}},"34":{"start":{"line":35,"column":0},"end":{"line":35,"column":13}},"35":{"start":{"line":36,"column":0},"end":{"line":36,"column":14}},"36":{"start":{"line":37,"column":0},"end":{"line":37,"column":14}},"37":{"start":{"line":38,"column":0},"end":{"line":38,"column":30}},"38":{"start":{"line":39,"column":0},"end":{"line":39,"column":23}},"39":{"start":{"line":40,"column":0},"end":{"line":40,"column":27}},"40":{"start":{"line":41,"column":0},"end":{"line":41,"column":33}},"41":{"start":{"line":42,"column":0},"end":{"line":42,"column":20}},"42":{"start":{"line":43,"column":0},"end":{"line":43,"column":11}},"43":{"start":{"line":44,"column":0},"end":{"line":44,"column":9}},"44":{"start":{"line":45,"column":0},"end":{"line":45,"column":16}},"45":{"start":{"line":46,"column":0},"end":{"line":46,"column":21}},"46":{"start":{"line":47,"column":0},"end":{"line":47,"column":15}},"47":{"start":{"line":48,"column":0},"end":{"line":48,"column":37}},"48":{"start":{"line":49,"column":0},"end":{"line":49,"column":17}},"49":{"start":{"line":50,"column":0},"end":{"line":50,"column":15}},"50":{"start":{"line":51,"column":0},"end":{"line":51,"column":9}},"51":{"start":{"line":52,"column":0},"end":{"line":52,"column":10}},"52":{"start":{"line":53,"column":0},"end":{"line":53,"column":28}},"53":{"start":{"line":54,"column":0},"end":{"line":54,"column":24}},"54":{"start":{"line":55,"column":0},"end":{"line":55,"column":26}},"55":{"start":{"line":56,"column":0},"end":{"line":56,"column":5}},"56":{"start":{"line":57,"column":0},"end":{"line":57,"column":15}},"57":{"start":{"line":58,"column":0},"end":{"line":58,"column":39}},"58":{"start":{"line":59,"column":0},"end":{"line":59,"column":5}},"59":{"start":{"line":60,"column":0},"end":{"line":60,"column":16}},"60":{"start":{"line":61,"column":0},"end":{"line":61,"column":26}},"61":{"start":{"line":62,"column":0},"end":{"line":62,"column":5}},"62":{"start":{"line":63,"column":0},"end":{"line":63,"column":1}},"63":{"start":{"line":64,"column":0},"end":{"line":64,"column":22}},"64":{"start":{"line":65,"column":0},"end":{"line":65,"column":8}},"65":{"start":{"line":66,"column":0},"end":{"line":66,"column":9}},"66":{"start":{"line":67,"column":0},"end":{"line":67,"column":15}},"67":{"start":{"line":68,"column":0},"end":{"line":68,"column":42}},"68":{"start":{"line":69,"column":0},"end":{"line":69,"column":23}},"69":{"start":{"line":70,"column":0},"end":{"line":70,"column":25}},"70":{"start":{"line":71,"column":0},"end":{"line":71,"column":39}},"71":{"start":{"line":72,"column":0},"end":{"line":72,"column":5}},"72":{"start":{"line":73,"column":0},"end":{"line":73,"column":1}},"73":{"start":{"line":74,"column":0},"end":{"line":74,"column":22}},"74":{"start":{"line":75,"column":0},"end":{"line":75,"column":35}},"75":{"start":{"line":76,"column":0},"end":{"line":76,"column":56}},"76":{"start":{"line":77,"column":0},"end":{"line":77,"column":23}},"77":{"start":{"line":78,"column":0},"end":{"line":78,"column":21}},"78":{"start":{"line":79,"column":0},"end":{"line":79,"column":46}},"79":{"start":{"line":80,"column":0},"end":{"line":80,"column":63}},"80":{"start":{"line":81,"column":0},"end":{"line":81,"column":18}},"81":{"start":{"line":82,"column":0},"end":{"line":82,"column":5}},"82":{"start":{"line":83,"column":0},"end":{"line":83,"column":58}},"83":{"start":{"line":84,"column":0},"end":{"line":84,"column":27}},"84":{"start":{"line":85,"column":0},"end":{"line":85,"column":12}},"85":{"start":{"line":86,"column":0},"end":{"line":86,"column":13}},"86":{"start":{"line":87,"column":0},"end":{"line":87,"column":12}},"87":{"start":{"line":88,"column":0},"end":{"line":88,"column":9}},"88":{"start":{"line":89,"column":0},"end":{"line":89,"column":18}},"89":{"start":{"line":90,"column":0},"end":{"line":90,"column":54}},"90":{"start":{"line":91,"column":0},"end":{"line":91,"column":32}},"91":{"start":{"line":92,"column":0},"end":{"line":92,"column":30}},"92":{"start":{"line":93,"column":0},"end":{"line":93,"column":24}},"93":{"start":{"line":94,"column":0},"end":{"line":94,"column":30}},"94":{"start":{"line":95,"column":0},"end":{"line":95,"column":5}},"95":{"start":{"line":96,"column":0},"end":{"line":96,"column":18}},"96":{"start":{"line":97,"column":0},"end":{"line":97,"column":28}},"97":{"start":{"line":98,"column":0},"end":{"line":98,"column":5}},"98":{"start":{"line":99,"column":0},"end":{"line":99,"column":23}},"99":{"start":{"line":100,"column":0},"end":{"line":100,"column":55}},"100":{"start":{"line":101,"column":0},"end":{"line":101,"column":5}},"101":{"start":{"line":102,"column":0},"end":{"line":102,"column":20}},"102":{"start":{"line":103,"column":0},"end":{"line":103,"column":45}},"103":{"start":{"line":104,"column":0},"end":{"line":104,"column":40}},"104":{"start":{"line":105,"column":0},"end":{"line":105,"column":25}},"105":{"start":{"line":106,"column":0},"end":{"line":106,"column":30}},"106":{"start":{"line":107,"column":0},"end":{"line":107,"column":34}},"107":{"start":{"line":108,"column":0},"end":{"line":108,"column":0}},"108":{"start":{"line":109,"column":0},"end":{"line":109,"column":21}},"109":{"start":{"line":110,"column":0},"end":{"line":110,"column":36}},"110":{"start":{"line":111,"column":0},"end":{"line":111,"column":32}},"111":{"start":{"line":112,"column":0},"end":{"line":112,"column":0}},"112":{"start":{"line":113,"column":0},"end":{"line":113,"column":27}},"113":{"start":{"line":114,"column":0},"end":{"line":114,"column":88}},"114":{"start":{"line":115,"column":0},"end":{"line":115,"column":41}},"115":{"start":{"line":116,"column":0},"end":{"line":116,"column":54}},"116":{"start":{"line":117,"column":0},"end":{"line":117,"column":40}},"117":{"start":{"line":118,"column":0},"end":{"line":118,"column":10}},"118":{"start":{"line":119,"column":0},"end":{"line":119,"column":29}},"119":{"start":{"line":120,"column":0},"end":{"line":120,"column":5}},"120":{"start":{"line":121,"column":0},"end":{"line":121,"column":1}},"121":{"start":{"line":122,"column":0},"end":{"line":122,"column":51}},"122":{"start":{"line":123,"column":0},"end":{"line":123,"column":47}},"123":{"start":{"line":124,"column":0},"end":{"line":124,"column":56}},"124":{"start":{"line":125,"column":0},"end":{"line":125,"column":49}},"125":{"start":{"line":126,"column":0},"end":{"line":126,"column":75}},"126":{"start":{"line":127,"column":0},"end":{"line":127,"column":64}},"127":{"start":{"line":128,"column":0},"end":{"line":128,"column":32}},"128":{"start":{"line":129,"column":0},"end":{"line":129,"column":24}},"129":{"start":{"line":130,"column":0},"end":{"line":130,"column":24}},"130":{"start":{"line":131,"column":0},"end":{"line":131,"column":24}},"131":{"start":{"line":132,"column":0},"end":{"line":132,"column":26}},"132":{"start":{"line":133,"column":0},"end":{"line":133,"column":41}},"133":{"start":{"line":134,"column":0},"end":{"line":134,"column":11}},"134":{"start":{"line":135,"column":0},"end":{"line":135,"column":11}},"135":{"start":{"line":136,"column":0},"end":{"line":136,"column":30}},"136":{"start":{"line":137,"column":0},"end":{"line":137,"column":30}},"137":{"start":{"line":138,"column":0},"end":{"line":138,"column":33}},"138":{"start":{"line":139,"column":0},"end":{"line":139,"column":42}},"139":{"start":{"line":140,"column":0},"end":{"line":140,"column":51}}},"s":{"0":0,"1":0,"2":0,"3":0,"4":0,"5":0,"6":0,"7":0,"8":0,"9":0,"10":0,"11":0,"12":0,"13":0,"14":0,"15":0,"16":0,"17":0,"18":0,"19":0,"20":0,"21":0,"22":0,"23":0,"24":0,"25":0,"26":0,"27":0,"28":0,"29":0,"30":0,"31":0,"32":0,"33":0,"34":0,"35":0,"36":0,"37":0,"38":0,"39":0,"40":0,"41":0,"42":0,"43":0,"44":0,"45":0,"46":0,"47":0,"48":0,"49":0,"50":0,"51":0,"52":0,"53":0,"54":0,"55":0,"56":0,"57":0,"58":0,"59":0,"60":0,"61":0,"62":0,"63":0,"64":0,"65":0,"66":0,"67":0,"68":0,"69":0,"70":0,"71":0,"72":0,"73":0,"74":0,"75":0,"76":0,"77":0,"78":0,"79":0,"80":0,"81":0,"82":0,"83":0,"84":0,"85":0,"86":0,"87":0,"88":0,"89":0,"90":0,"91":0,"92":0,"93":0,"94":0,"95":0,"96":0,"97":0,"98":0,"99":0,"100":0,"101":0,"102":0,"103":0,"104":0,"105":0,"106":0,"107":0,"108":0,"109":0,"110":0,"111":0,"112":0,"113":0,"114":0,"115":0,"116":0,"117":0,"118":0,"119":0,"120":0,"121":0,"122":0,"123":0,"124":0,"125":0,"126":0,"127":0,"128":0,"129":0,"130":0,"131":0,"132":0,"133":0,"134":0,"135":0,"136":0,"137":0,"138":0,"139":0},"branchMap":{"0":{"type":"branch","line":1,"loc":{"start":{"line":1,"column":0},"end":{"line":140,"column":51}},"locations":[{"start":{"line":1,"column":0},"end":{"line":140,"column":51}}]}},"b":{"0":[0]},"fnMap":{"0":{"name":"(empty-report)","decl":{"start":{"line":1,"column":0},"end":{"line":140,"column":51}},"loc":{"start":{"line":1,"column":0},"end":{"line":140,"column":51}},"line":1}},"f":{"0":0}}
,"C:\\Users\\Mañanas\\curso MERN\\vite\\demo-back\\pruebas\\sample.js": {"path":"C:\\Users\\Mañanas\\curso MERN\\vite\\demo-back\\pruebas\\sample.js","all":true,"statementMap":{"0":{"start":{"line":1,"column":0},"end":{"line":1,"column":26}},"1":{"start":{"line":2,"column":0},"end":{"line":2,"column":27}},"2":{"start":{"line":3,"column":0},"end":{"line":3,"column":17}},"3":{"start":{"line":4,"column":0},"end":{"line":4,"column":1}}},"s":{"0":0,"1":0,"2":0,"3":0},"branchMap":{"0":{"type":"branch","line":1,"loc":{"start":{"line":1,"column":0},"end":{"line":4,"column":1}},"locations":[{"start":{"line":1,"column":0},"end":{"line":4,"column":1}}]}},"b":{"0":[0]},"fnMap":{"0":{"name":"(empty-report)","decl":{"start":{"line":1,"column":0},"end":{"line":4,"column":1}},"loc":{"start":{"line":1,"column":0},"end":{"line":4,"column":1}},"line":1}},"f":{"0":0}}
,"C:\\Users\\Mañanas\\curso MERN\\vite\\demo-back\\src\\repo\\app.ts": {"path":"C:\\Users\\Mañanas\\curso MERN\\vite\\demo-back\\src\\repo\\app.ts","all":true,"statementMap":{"0":{"start":{"line":1,"column":0},"end":{"line":1,"column":24}},"1":{"start":{"line":2,"column":0},"end":{"line":2,"column":0}},"2":{"start":{"line":3,"column":0},"end":{"line":3,"column":35}},"3":{"start":{"line":4,"column":0},"end":{"line":4,"column":58}},"4":{"start":{"line":5,"column":0},"end":{"line":5,"column":56}},"5":{"start":{"line":6,"column":0},"end":{"line":6,"column":56}},"6":{"start":{"line":7,"column":0},"end":{"line":7,"column":59}},"7":{"start":{"line":8,"column":0},"end":{"line":8,"column":0}},"8":{"start":{"line":9,"column":0},"end":{"line":9,"column":16}},"9":{"start":{"line":10,"column":0},"end":{"line":10,"column":0}},"10":{"start":{"line":11,"column":0},"end":{"line":11,"column":118}},"11":{"start":{"line":12,"column":0},"end":{"line":12,"column":57}},"12":{"start":{"line":13,"column":0},"end":{"line":13,"column":0}},"13":{"start":{"line":14,"column":0},"end":{"line":14,"column":51}},"14":{"start":{"line":15,"column":0},"end":{"line":15,"column":40}},"15":{"start":{"line":16,"column":0},"end":{"line":16,"column":0}},"16":{"start":{"line":17,"column":0},"end":{"line":17,"column":58}},"17":{"start":{"line":18,"column":0},"end":{"line":18,"column":81}},"18":{"start":{"line":19,"column":0},"end":{"line":19,"column":59}},"19":{"start":{"line":20,"column":0},"end":{"line":20,"column":0}},"20":{"start":{"line":21,"column":0},"end":{"line":21,"column":63}},"21":{"start":{"line":22,"column":0},"end":{"line":22,"column":0}},"22":{"start":{"line":23,"column":0},"end":{"line":23,"column":16}},"23":{"start":{"line":24,"column":0},"end":{"line":24,"column":0}},"24":{"start":{"line":25,"column":0},"end":{"line":25,"column":64}},"25":{"start":{"line":26,"column":0},"end":{"line":26,"column":0}},"26":{"start":{"line":27,"column":0},"end":{"line":27,"column":16}},"27":{"start":{"line":28,"column":0},"end":{"line":28,"column":0}},"28":{"start":{"line":29,"column":0},"end":{"line":29,"column":58}},"29":{"start":{"line":30,"column":0},"end":{"line":30,"column":51}},"30":{"start":{"line":31,"column":0},"end":{"line":31,"column":0}},"31":{"start":{"line":32,"column":0},"end":{"line":32,"column":43}},"32":{"start":{"line":33,"column":0},"end":{"line":33,"column":0}},"33":{"start":{"line":34,"column":0},"end":{"line":34,"column":35}},"34":{"start":{"line":35,"column":0},"end":{"line":35,"column":28}}},"s":{"0":0,"1":0,"2":0,"3":0,"4":0,"5":0,"6":0,"7":0,"8":0,"9":0,"10":0,"11":0,"12":0,"13":0,"14":0,"15":0,"16":0,"17":0,"18":0,"19":0,"20":0,"21":0,"22":0,"23":0,"24":0,"25":0,"26":0,"27":0,"28":0,"29":0,"30":0,"31":0,"32":0,"33":0,"34":0},"branchMap":{"0":{"type":"branch","line":1,"loc":{"start":{"line":1,"column":0},"end":{"line":35,"column":28}},"locations":[{"start":{"line":1,"column":0},"end":{"line":35,"column":28}}]}},"b":{"0":[0]},"fnMap":{"0":{"name":"(empty-report)","decl":{"start":{"line":1,"column":0},"end":{"line":35,"column":28}},"loc":{"start":{"line":1,"column":0},"end":{"line":35,"column":28}},"line":1}},"f":{"0":0}}
,"C:\\Users\\Mañanas\\curso MERN\\vite\\demo-back\\src\\repo\\helpers.ts": {"path":"C:\\Users\\Mañanas\\curso MERN\\vite\\demo-back\\src\\repo\\helpers.ts","all":false,"statementMap":{"0":{"start":{"line":1,"column":0},"end":{"line":1,"column":55}},"1":{"start":{"line":2,"column":0},"end":{"line":2,"column":35}},"2":{"start":{"line":3,"column":0},"end":{"line":3,"column":2}},"4":{"start":{"line":5,"column":0},"end":{"line":5,"column":66}},"5":{"start":{"line":6,"column":0},"end":{"line":6,"column":22}},"6":{"start":{"line":7,"column":0},"end":{"line":7,"column":2}}},"s":{"0":1,"1":0,"2":0,"4":1,"5":0,"6":0},"branchMap":{},"b":{},"fnMap":{"0":{"name":"readFromDisk","decl":{"start":{"line":1,"column":28},"end":{"line":3,"column":2}},"loc":{"start":{"line":1,"column":28},"end":{"line":3,"column":2}},"line":1},"1":{"name":"writeToDisk","decl":{"start":{"line":5,"column":27},"end":{"line":7,"column":2}},"loc":{"start":{"line":5,"column":27},"end":{"line":7,"column":2}},"line":5}},"f":{"0":0,"1":0}}
,"C:\\Users\\Mañanas\\curso MERN\\vite\\demo-back\\src\\repo\\odm-lite.ts": {"path":"C:\\Users\\Mañanas\\curso MERN\\vite\\demo-back\\src\\repo\\odm-lite.ts","all":false,"statementMap":{"0":{"start":{"line":1,"column":0},"end":{"line":1,"column":54}},"3":{"start":{"line":4,"column":0},"end":{"line":4,"column":62}},"4":{"start":{"line":5,"column":0},"end":{"line":5,"column":17}},"5":{"start":{"line":6,"column":0},"end":{"line":6,"column":31}},"6":{"start":{"line":7,"column":0},"end":{"line":7,"column":25}},"7":{"start":{"line":8,"column":0},"end":{"line":8,"column":5}},"9":{"start":{"line":10,"column":0},"end":{"line":10,"column":43}},"10":{"start":{"line":11,"column":0},"end":{"line":11,"column":48}},"11":{"start":{"line":12,"column":0},"end":{"line":12,"column":44}},"12":{"start":{"line":13,"column":0},"end":{"line":13,"column":23}},"13":{"start":{"line":14,"column":0},"end":{"line":14,"column":5}},"15":{"start":{"line":16,"column":0},"end":{"line":16,"column":54}},"16":{"start":{"line":17,"column":0},"end":{"line":17,"column":53}},"17":{"start":{"line":18,"column":0},"end":{"line":18,"column":5}},"19":{"start":{"line":20,"column":0},"end":{"line":20,"column":35}},"20":{"start":{"line":21,"column":0},"end":{"line":21,"column":38}},"21":{"start":{"line":22,"column":0},"end":{"line":22,"column":51}},"22":{"start":{"line":23,"column":0},"end":{"line":23,"column":30}},"23":{"start":{"line":24,"column":0},"end":{"line":24,"column":5}},"25":{"start":{"line":26,"column":0},"end":{"line":26,"column":49}},"26":{"start":{"line":27,"column":0},"end":{"line":27,"column":38}},"27":{"start":{"line":28,"column":0},"end":{"line":28,"column":51}},"28":{"start":{"line":29,"column":0},"end":{"line":29,"column":70}},"29":{"start":{"line":30,"column":0},"end":{"line":30,"column":33}},"30":{"start":{"line":31,"column":0},"end":{"line":31,"column":60}},"31":{"start":{"line":32,"column":0},"end":{"line":32,"column":9}},"32":{"start":{"line":33,"column":0},"end":{"line":33,"column":20}},"33":{"start":{"line":34,"column":0},"end":{"line":34,"column":5}},"35":{"start":{"line":36,"column":0},"end":{"line":36,"column":56}},"36":{"start":{"line":37,"column":0},"end":{"line":37,"column":38}},"37":{"start":{"line":38,"column":0},"end":{"line":38,"column":51}},"39":{"start":{"line":40,"column":0},"end":{"line":40,"column":26}},"40":{"start":{"line":41,"column":0},"end":{"line":41,"column":20}},"41":{"start":{"line":42,"column":0},"end":{"line":42,"column":52}},"42":{"start":{"line":43,"column":0},"end":{"line":43,"column":15}},"43":{"start":{"line":44,"column":0},"end":{"line":44,"column":38}},"44":{"start":{"line":45,"column":0},"end":{"line":45,"column":30}},"45":{"start":{"line":46,"column":0},"end":{"line":46,"column":24}},"46":{"start":{"line":47,"column":0},"end":{"line":47,"column":5}},"48":{"start":{"line":49,"column":0},"end":{"line":49,"column":15}},"49":{"start":{"line":50,"column":0},"end":{"line":50,"column":27}},"50":{"start":{"line":51,"column":0},"end":{"line":51,"column":19}},"51":{"start":{"line":52,"column":0},"end":{"line":52,"column":37}},"52":{"start":{"line":53,"column":0},"end":{"line":53,"column":10}},"53":{"start":{"line":54,"column":0},"end":{"line":54,"column":38}},"54":{"start":{"line":55,"column":0},"end":{"line":55,"column":51}},"55":{"start":{"line":56,"column":0},"end":{"line":56,"column":68}},"56":{"start":{"line":57,"column":0},"end":{"line":57,"column":33}},"57":{"start":{"line":58,"column":0},"end":{"line":58,"column":60}},"58":{"start":{"line":59,"column":0},"end":{"line":59,"column":9}},"59":{"start":{"line":60,"column":0},"end":{"line":60,"column":41}},"61":{"start":{"line":62,"column":0},"end":{"line":62,"column":30}},"62":{"start":{"line":63,"column":0},"end":{"line":63,"column":20}},"63":{"start":{"line":64,"column":0},"end":{"line":64,"column":5}},"65":{"start":{"line":66,"column":0},"end":{"line":66,"column":51}},"66":{"start":{"line":67,"column":0},"end":{"line":67,"column":38}},"67":{"start":{"line":68,"column":0},"end":{"line":68,"column":51}},"68":{"start":{"line":69,"column":0},"end":{"line":69,"column":70}},"69":{"start":{"line":70,"column":0},"end":{"line":70,"column":33}},"70":{"start":{"line":71,"column":0},"end":{"line":71,"column":60}},"71":{"start":{"line":72,"column":0},"end":{"line":72,"column":9}},"73":{"start":{"line":74,"column":0},"end":{"line":74,"column":57}},"74":{"start":{"line":75,"column":0},"end":{"line":75,"column":40}},"75":{"start":{"line":76,"column":0},"end":{"line":76,"column":10}},"76":{"start":{"line":77,"column":0},"end":{"line":77,"column":30}},"77":{"start":{"line":78,"column":0},"end":{"line":78,"column":20}},"78":{"start":{"line":79,"column":0},"end":{"line":79,"column":5}},"79":{"start":{"line":80,"column":0},"end":{"line":80,"column":1}}},"s":{"0":1,"3":1,"4":1,"5":1,"6":9,"7":9,"9":1,"10":8,"11":8,"12":8,"13":8,"15":1,"16":3,"17":3,"19":1,"20":1,"21":1,"22":1,"23":1,"25":1,"26":2,"27":2,"28":2,"29":2,"30":1,"31":1,"32":1,"33":2,"35":1,"36":1,"37":1,"39":1,"40":1,"41":1,"42":1,"43":1,"44":1,"45":1,"46":1,"48":1,"49":2,"50":2,"51":2,"52":2,"53":2,"54":2,"55":2,"56":2,"57":1,"58":1,"59":1,"61":1,"62":1,"63":2,"65":1,"66":2,"67":2,"68":2,"69":2,"70":1,"71":1,"73":1,"74":1,"75":1,"76":1,"77":1,"78":2,"79":1},"branchMap":{"0":{"type":"branch","line":5,"loc":{"start":{"line":5,"column":4},"end":{"line":5,"column":17}},"locations":[{"start":{"line":5,"column":4},"end":{"line":5,"column":17}}]},"1":{"type":"branch","line":6,"loc":{"start":{"line":6,"column":4},"end":{"line":8,"column":5}},"locations":[{"start":{"line":6,"column":4},"end":{"line":8,"column":5}}]},"2":{"type":"branch","line":10,"loc":{"start":{"line":10,"column":12},"end":{"line":14,"column":5}},"locations":[{"start":{"line":10,"column":12},"end":{"line":14,"column":5}}]},"3":{"type":"branch","line":16,"loc":{"start":{"line":16,"column":12},"end":{"line":18,"column":5}},"locations":[{"start":{"line":16,"column":12},"end":{"line":18,"column":5}}]},"4":{"type":"branch","line":20,"loc":{"start":{"line":20,"column":4},"end":{"line":24,"column":5}},"locations":[{"start":{"line":20,"column":4},"end":{"line":24,"column":5}}]},"5":{"type":"branch","line":26,"loc":{"start":{"line":26,"column":4},"end":{"line":34,"column":5}},"locations":[{"start":{"line":26,"column":4},"end":{"line":34,"column":5}}]},"6":{"type":"branch","line":30,"loc":{"start":{"line":30,"column":32},"end":{"line":33,"column":20}},"locations":[{"start":{"line":30,"column":32},"end":{"line":33,"column":20}}]},"7":{"type":"branch","line":29,"loc":{"start":{"line":29,"column":41},"end":{"line":29,"column":68}},"locations":[{"start":{"line":29,"column":41},"end":{"line":29,"column":68}}]},"8":{"type":"branch","line":36,"loc":{"start":{"line":36,"column":4},"end":{"line":47,"column":5}},"locations":[{"start":{"line":36,"column":4},"end":{"line":47,"column":5}}]},"9":{"type":"branch","line":49,"loc":{"start":{"line":49,"column":4},"end":{"line":64,"column":5}},"locations":[{"start":{"line":49,"column":4},"end":{"line":64,"column":5}}]},"10":{"type":"branch","line":57,"loc":{"start":{"line":57,"column":32},"end":{"line":63,"column":20}},"locations":[{"start":{"line":57,"column":32},"end":{"line":63,"column":20}}]},"11":{"type":"branch","line":56,"loc":{"start":{"line":56,"column":39},"end":{"line":56,"column":66}},"locations":[{"start":{"line":56,"column":39},"end":{"line":56,"column":66}}]},"12":{"type":"branch","line":66,"loc":{"start":{"line":66,"column":4},"end":{"line":79,"column":5}},"locations":[{"start":{"line":66,"column":4},"end":{"line":79,"column":5}}]},"13":{"type":"branch","line":70,"loc":{"start":{"line":70,"column":32},"end":{"line":78,"column":20}},"locations":[{"start":{"line":70,"column":32},"end":{"line":78,"column":20}}]},"14":{"type":"branch","line":69,"loc":{"start":{"line":69,"column":41},"end":{"line":69,"column":68}},"locations":[{"start":{"line":69,"column":41},"end":{"line":69,"column":68}}]},"15":{"type":"branch","line":75,"loc":{"start":{"line":75,"column":12},"end":{"line":75,"column":40}},"locations":[{"start":{"line":75,"column":12},"end":{"line":75,"column":40}}]}},"b":{"0":[9],"1":[9],"2":[8],"3":[3],"4":[1],"5":[2],"6":[1],"7":[3],"8":[1],"9":[2],"10":[1],"11":[3],"12":[2],"13":[1],"14":[3],"15":[2]},"fnMap":{"0":{"name":"<instance_members_initializer>","decl":{"start":{"line":5,"column":4},"end":{"line":5,"column":17}},"loc":{"start":{"line":5,"column":4},"end":{"line":5,"column":17}},"line":5},"1":{"name":"ODMLite","decl":{"start":{"line":6,"column":4},"end":{"line":8,"column":5}},"loc":{"start":{"line":6,"column":4},"end":{"line":8,"column":5}},"line":6},"2":{"name":"readDB","decl":{"start":{"line":10,"column":12},"end":{"line":14,"column":5}},"loc":{"start":{"line":10,"column":12},"end":{"line":14,"column":5}},"line":10},"3":{"name":"writeDB","decl":{"start":{"line":16,"column":12},"end":{"line":18,"column":5}},"loc":{"start":{"line":16,"column":12},"end":{"line":18,"column":5}},"line":16},"4":{"name":"read","decl":{"start":{"line":20,"column":4},"end":{"line":24,"column":5}},"loc":{"start":{"line":20,"column":4},"end":{"line":24,"column":5}},"line":20},"5":{"name":"readById","decl":{"start":{"line":26,"column":4},"end":{"line":34,"column":5}},"loc":{"start":{"line":26,"column":4},"end":{"line":34,"column":5}},"line":26},"6":{"name":"create","decl":{"start":{"line":36,"column":4},"end":{"line":47,"column":5}},"loc":{"start":{"line":36,"column":4},"end":{"line":47,"column":5}},"line":36},"7":{"name":"updateById","decl":{"start":{"line":49,"column":4},"end":{"line":64,"column":5}},"loc":{"start":{"line":49,"column":4},"end":{"line":64,"column":5}},"line":49},"8":{"name":"deleteById","decl":{"start":{"line":66,"column":4},"end":{"line":79,"column":5}},"loc":{"start":{"line":66,"column":4},"end":{"line":79,"column":5}},"line":66}},"f":{"0":9,"1":9,"2":8,"3":3,"4":1,"5":2,"6":1,"7":2,"8":2}}
,"C:\\Users\\Mañanas\\curso MERN\\vite\\demo-back\\src\\repoAsync\\helpers.ts": {"path":"C:\\Users\\Mañanas\\curso MERN\\vite\\demo-back\\src\\repoAsync\\helpers.ts","all":false,"statementMap":{"0":{"start":{"line":1,"column":0},"end":{"line":1,"column":70}},"1":{"start":{"line":2,"column":0},"end":{"line":2,"column":35}},"2":{"start":{"line":3,"column":0},"end":{"line":3,"column":2}},"4":{"start":{"line":5,"column":0},"end":{"line":5,"column":34}},"5":{"start":{"line":6,"column":0},"end":{"line":6,"column":17}},"6":{"start":{"line":7,"column":0},"end":{"line":7,"column":17}},"7":{"start":{"line":8,"column":0},"end":{"line":8,"column":21}},"8":{"start":{"line":9,"column":0},"end":{"line":9,"column":22}},"9":{"start":{"line":10,"column":0},"end":{"line":10,"column":2}}},"s":{"0":1,"1":0,"2":0,"4":1,"5":0,"6":0,"7":0,"8":0,"9":0},"branchMap":{},"b":{},"fnMap":{"0":{"name":"readFromDisk","decl":{"start":{"line":1,"column":28},"end":{"line":3,"column":2}},"loc":{"start":{"line":1,"column":28},"end":{"line":3,"column":2}},"line":1},"1":{"name":"writeToDisk","decl":{"start":{"line":5,"column":27},"end":{"line":10,"column":2}},"loc":{"start":{"line":5,"column":27},"end":{"line":10,"column":2}},"line":5}},"f":{"0":0,"1":0}}
,"C:\\Users\\Mañanas\\curso MERN\\vite\\demo-back\\src\\repoAsync\\odm-lite.ts": {"path":"C:\\Users\\Mañanas\\curso MERN\\vite\\demo-back\\src\\repoAsync\\odm-lite.ts","all":false,"statementMap":{"0":{"start":{"line":1,"column":0},"end":{"line":1,"column":54}},"3":{"start":{"line":4,"column":0},"end":{"line":4,"column":70}},"4":{"start":{"line":5,"column":0},"end":{"line":5,"column":17}},"5":{"start":{"line":6,"column":0},"end":{"line":6,"column":31}},"6":{"start":{"line":7,"column":0},"end":{"line":7,"column":25}},"7":{"start":{"line":8,"column":0},"end":{"line":8,"column":5}},"9":{"start":{"line":10,"column":0},"end":{"line":10,"column":58}},"10":{"start":{"line":11,"column":0},"end":{"line":11,"column":54}},"11":{"start":{"line":12,"column":0},"end":{"line":12,"column":35}},"12":{"start":{"line":13,"column":0},"end":{"line":13,"column":5}},"14":{"start":{"line":15,"column":0},"end":{"line":15,"column":63}},"15":{"start":{"line":16,"column":0},"end":{"line":16,"column":60}},"16":{"start":{"line":17,"column":0},"end":{"line":17,"column":5}},"18":{"start":{"line":19,"column":0},"end":{"line":19,"column":50}},"19":{"start":{"line":20,"column":0},"end":{"line":20,"column":44}},"20":{"start":{"line":21,"column":0},"end":{"line":21,"column":35}},"21":{"start":{"line":22,"column":0},"end":{"line":22,"column":5}},"23":{"start":{"line":24,"column":0},"end":{"line":24,"column":64}},"24":{"start":{"line":25,"column":0},"end":{"line":25,"column":44}},"25":{"start":{"line":26,"column":0},"end":{"line":26,"column":75}},"26":{"start":{"line":27,"column":0},"end":{"line":27,"column":33}},"27":{"start":{"line":28,"column":0},"end":{"line":28,"column":60}},"28":{"start":{"line":29,"column":0},"end":{"line":29,"column":9}},"29":{"start":{"line":30,"column":0},"end":{"line":30,"column":20}},"30":{"start":{"line":31,"column":0},"end":{"line":31,"column":5}},"32":{"start":{"line":33,"column":0},"end":{"line":33,"column":78}},"33":{"start":{"line":34,"column":0},"end":{"line":34,"column":44}},"34":{"start":{"line":35,"column":0},"end":{"line":35,"column":26}},"35":{"start":{"line":36,"column":0},"end":{"line":36,"column":27}},"36":{"start":{"line":37,"column":0},"end":{"line":37,"column":52}},"37":{"start":{"line":38,"column":0},"end":{"line":38,"column":15}},"38":{"start":{"line":39,"column":0},"end":{"line":39,"column":43}},"39":{"start":{"line":40,"column":0},"end":{"line":40,"column":36}},"40":{"start":{"line":41,"column":0},"end":{"line":41,"column":24}},"41":{"start":{"line":42,"column":0},"end":{"line":42,"column":5}},"43":{"start":{"line":44,"column":0},"end":{"line":44,"column":21}},"44":{"start":{"line":45,"column":0},"end":{"line":45,"column":27}},"45":{"start":{"line":46,"column":0},"end":{"line":46,"column":19}},"46":{"start":{"line":47,"column":0},"end":{"line":47,"column":37}},"47":{"start":{"line":48,"column":0},"end":{"line":48,"column":19}},"50":{"start":{"line":51,"column":0},"end":{"line":51,"column":44}},"51":{"start":{"line":52,"column":0},"end":{"line":52,"column":73}},"52":{"start":{"line":53,"column":0},"end":{"line":53,"column":33}},"53":{"start":{"line":54,"column":0},"end":{"line":54,"column":60}},"54":{"start":{"line":55,"column":0},"end":{"line":55,"column":9}},"55":{"start":{"line":56,"column":0},"end":{"line":56,"column":41}},"57":{"start":{"line":58,"column":0},"end":{"line":58,"column":36}},"58":{"start":{"line":59,"column":0},"end":{"line":59,"column":20}},"59":{"start":{"line":60,"column":0},"end":{"line":60,"column":5}},"61":{"start":{"line":62,"column":0},"end":{"line":62,"column":54}},"62":{"start":{"line":63,"column":0},"end":{"line":63,"column":44}},"63":{"start":{"line":64,"column":0},"end":{"line":64,"column":75}},"64":{"start":{"line":65,"column":0},"end":{"line":65,"column":33}},"65":{"start":{"line":66,"column":0},"end":{"line":66,"column":60}},"66":{"start":{"line":67,"column":0},"end":{"line":67,"column":9}},"67":{"start":{"line":68,"column":0},"end":{"line":68,"column":57}},"68":{"start":{"line":69,"column":0},"end":{"line":69,"column":40}},"69":{"start":{"line":70,"column":0},"end":{"line":70,"column":10}},"70":{"start":{"line":71,"column":0},"end":{"line":71,"column":36}},"71":{"start":{"line":72,"column":0},"end":{"line":72,"column":20}},"72":{"start":{"line":73,"column":0},"end":{"line":73,"column":5}},"73":{"start":{"line":74,"column":0},"end":{"line":74,"column":1}}},"s":{"0":1,"3":1,"4":1,"5":1,"6":9,"7":9,"9":1,"10":8,"11":8,"12":8,"14":1,"15":3,"16":3,"18":1,"19":1,"20":1,"21":1,"23":1,"24":2,"25":2,"26":2,"27":1,"28":1,"29":1,"30":2,"32":1,"33":1,"34":1,"35":1,"36":1,"37":1,"38":1,"39":1,"40":1,"41":1,"43":1,"44":2,"45":2,"46":2,"47":2,"50":2,"51":2,"52":2,"53":1,"54":1,"55":1,"57":1,"58":1,"59":2,"61":1,"62":2,"63":2,"64":2,"65":1,"66":1,"67":1,"68":1,"69":1,"70":1,"71":1,"72":2,"73":1},"branchMap":{"0":{"type":"branch","line":5,"loc":{"start":{"line":5,"column":4},"end":{"line":5,"column":17}},"locations":[{"start":{"line":5,"column":4},"end":{"line":5,"column":17}}]},"1":{"type":"branch","line":6,"loc":{"start":{"line":6,"column":4},"end":{"line":8,"column":5}},"locations":[{"start":{"line":6,"column":4},"end":{"line":8,"column":5}}]},"2":{"type":"branch","line":10,"loc":{"start":{"line":10,"column":4},"end":{"line":13,"column":5}},"locations":[{"start":{"line":10,"column":4},"end":{"line":13,"column":5}}]},"3":{"type":"branch","line":15,"loc":{"start":{"line":15,"column":12},"end":{"line":17,"column":5}},"locations":[{"start":{"line":15,"column":12},"end":{"line":17,"column":5}}]},"4":{"type":"branch","line":19,"loc":{"start":{"line":19,"column":4},"end":{"line":22,"column":5}},"locations":[{"start":{"line":19,"column":4},"end":{"line":22,"column":5}}]},"5":{"type":"branch","line":24,"loc":{"start":{"line":24,"column":4},"end":{"line":31,"column":5}},"locations":[{"start":{"line":24,"column":4},"end":{"line":31,"column":5}}]},"6":{"type":"branch","line":27,"loc":{"start":{"line":27,"column":32},"end":{"line":30,"column":20}},"locations":[{"start":{"line":27,"column":32},"end":{"line":30,"column":20}}]},"7":{"type":"branch","line":26,"loc":{"start":{"line":26,"column":46},"end":{"line":26,"column":73}},"locations":[{"start":{"line":26,"column":46},"end":{"line":26,"column":73}}]},"8":{"type":"branch","line":33,"loc":{"start":{"line":33,"column":4},"end":{"line":42,"column":5}},"locations":[{"start":{"line":33,"column":4},"end":{"line":42,"column":5}}]},"9":{"type":"branch","line":44,"loc":{"start":{"line":44,"column":4},"end":{"line":60,"column":5}},"locations":[{"start":{"line":44,"column":4},"end":{"line":60,"column":5}}]},"10":{"type":"branch","line":53,"loc":{"start":{"line":53,"column":32},"end":{"line":59,"column":20}},"locations":[{"start":{"line":53,"column":32},"end":{"line":59,"column":20}}]},"11":{"type":"branch","line":52,"loc":{"start":{"line":52,"column":44},"end":{"line":52,"column":71}},"locations":[{"start":{"line":52,"column":44},"end":{"line":52,"column":71}}]},"12":{"type":"branch","line":62,"loc":{"start":{"line":62,"column":4},"end":{"line":73,"column":5}},"locations":[{"start":{"line":62,"column":4},"end":{"line":73,"column":5}}]},"13":{"type":"branch","line":65,"loc":{"start":{"line":65,"column":32},"end":{"line":72,"column":20}},"locations":[{"start":{"line":65,"column":32},"end":{"line":72,"column":20}}]},"14":{"type":"branch","line":64,"loc":{"start":{"line":64,"column":46},"end":{"line":64,"column":73}},"locations":[{"start":{"line":64,"column":46},"end":{"line":64,"column":73}}]},"15":{"type":"branch","line":69,"loc":{"start":{"line":69,"column":12},"end":{"line":69,"column":40}},"locations":[{"start":{"line":69,"column":12},"end":{"line":69,"column":40}}]}},"b":{"0":[9],"1":[9],"2":[8],"3":[3],"4":[1],"5":[2],"6":[1],"7":[3],"8":[1],"9":[2],"10":[1],"11":[3],"12":[2],"13":[1],"14":[3],"15":[2]},"fnMap":{"0":{"name":"<instance_members_initializer>","decl":{"start":{"line":5,"column":4},"end":{"line":5,"column":17}},"loc":{"start":{"line":5,"column":4},"end":{"line":5,"column":17}},"line":5},"1":{"name":"ODMLite","decl":{"start":{"line":6,"column":4},"end":{"line":8,"column":5}},"loc":{"start":{"line":6,"column":4},"end":{"line":8,"column":5}},"line":6},"2":{"name":"readDB","decl":{"start":{"line":10,"column":4},"end":{"line":13,"column":5}},"loc":{"start":{"line":10,"column":4},"end":{"line":13,"column":5}},"line":10},"3":{"name":"writeDB","decl":{"start":{"line":15,"column":12},"end":{"line":17,"column":5}},"loc":{"start":{"line":15,"column":12},"end":{"line":17,"column":5}},"line":15},"4":{"name":"read","decl":{"start":{"line":19,"column":4},"end":{"line":22,"column":5}},"loc":{"start":{"line":19,"column":4},"end":{"line":22,"column":5}},"line":19},"5":{"name":"readById","decl":{"start":{"line":24,"column":4},"end":{"line":31,"column":5}},"loc":{"start":{"line":24,"column":4},"end":{"line":31,"column":5}},"line":24},"6":{"name":"create","decl":{"start":{"line":33,"column":4},"end":{"line":42,"column":5}},"loc":{"start":{"line":33,"column":4},"end":{"line":42,"column":5}},"line":33},"7":{"name":"updateById","decl":{"start":{"line":44,"column":4},"end":{"line":60,"column":5}},"loc":{"start":{"line":44,"column":4},"end":{"line":60,"column":5}},"line":44},"8":{"name":"deleteById","decl":{"start":{"line":62,"column":4},"end":{"line":73,"column":5}},"loc":{"start":{"line":62,"column":4},"end":{"line":73,"column":5}},"line":62}},"f":{"0":9,"1":9,"2":8,"3":3,"4":1,"5":2,"6":1,"7":2,"8":2}}
,"C:\\Users\\Mañanas\\curso MERN\\vite\\demo-back\\src\\repoAsync\\types.ts": {"path":"C:\\Users\\Mañanas\\curso MERN\\vite\\demo-back\\src\\repoAsync\\types.ts","all":true,"statementMap":{"0":{"start":{"line":1,"column":0},"end":{"line":1,"column":36}},"1":{"start":{"line":2,"column":0},"end":{"line":2,"column":0}},"2":{"start":{"line":3,"column":0},"end":{"line":3,"column":45}},"3":{"start":{"line":4,"column":0},"end":{"line":4,"column":58}},"4":{"start":{"line":5,"column":0},"end":{"line":5,"column":0}},"5":{"start":{"line":6,"column":0},"end":{"line":6,"column":36}},"6":{"start":{"line":7,"column":0},"end":{"line":7,"column":39}},"7":{"start":{"line":8,"column":0},"end":{"line":8,"column":56}},"8":{"start":{"line":9,"column":0},"end":{"line":9,"column":30}},"9":{"start":{"line":10,"column":0},"end":{"line":10,"column":44}},"10":{"start":{"line":11,"column":0},"end":{"line":11,"column":47}},"11":{"start":{"line":12,"column":0},"end":{"line":12,"column":88}},"12":{"start":{"line":13,"column":0},"end":{"line":13,"column":68}},"13":{"start":{"line":14,"column":0},"end":{"line":14,"column":17}},"14":{"start":{"line":15,"column":0},"end":{"line":15,"column":27}},"15":{"start":{"line":16,"column":0},"end":{"line":16,"column":20}},"16":{"start":{"line":17,"column":0},"end":{"line":17,"column":37}},"17":{"start":{"line":18,"column":0},"end":{"line":18,"column":20}},"18":{"start":{"line":19,"column":0},"end":{"line":19,"column":64}},"19":{"start":{"line":20,"column":0},"end":{"line":20,"column":1}}},"s":{"0":0,"1":0,"2":0,"3":0,"4":0,"5":0,"6":0,"7":0,"8":0,"9":0,"10":0,"11":0,"12":0,"13":0,"14":0,"15":0,"16":0,"17":0,"18":0,"19":0},"branchMap":{"0":{"type":"branch","line":1,"loc":{"start":{"line":1,"column":0},"end":{"line":20,"column":1}},"locations":[{"start":{"line":1,"column":0},"end":{"line":20,"column":1}}]}},"b":{"0":[0]},"fnMap":{"0":{"name":"(empty-report)","decl":{"start":{"line":1,"column":0},"end":{"line":20,"column":1}},"loc":{"start":{"line":1,"column":0},"end":{"line":20,"column":1}},"line":1}},"f":{"0":0}}
}
